<?xml version="1.0" encoding="UTF-8"?>
<!-- Generated by org.testng.reporters.JUnitReportReporter -->
<testsuite skipped="0" hostname="DESKTOP-K0EANFE" name="sample_proj.Sample_binary_proj" tests="1" failures="0" timestamp="26 Mar 2019 05:12:47 GMT" time="3.342" errors="0">
  <testcase name="test1" time="3.342" classname="sample_proj.Sample_binary_proj"/>
</testsuite> <!-- sample_proj.Sample_binary_proj -->
